<?xml version="1.0" encoding="UTF-8"?>
<!-- Generated by org.testng.reporters.JUnitReportReporter -->
<testsuite hostname="MacBook-Pro.ht.home" failures="0" tests="1" name="com.test.Day8_7thApril.Topic_Xpaths" time="7.302" errors="0" timestamp="07 Apr 2024 17:31:07 GMT" skipped="0">
  <testcase classname="com.test.Day8_7thApril.Topic_Xpaths" name="registerTutorialsNinja" time="7.302"/>
</testsuite> <!-- com.test.Day8_7thApril.Topic_Xpaths -->
