<?xml version="1.0" encoding="UTF-8"?>
<!-- Generated by org.testng.reporters.JUnitReportReporter -->
<testsuite hostname="MacBook-Pro.ht.home" failures="0" tests="5" name="com.test.Day7_6thApril.TestNG_Prioritizing_TestCases" time="22.612" errors="0" timestamp="06 Apr 2024 16:11:48 GMT" skipped="1">
  <testcase classname="com.test.Day7_6thApril.TestNG_Prioritizing_TestCases" name="loginWithValidCredentials" time="7.515"/>
  <testcase classname="com.test.Day7_6thApril.TestNG_Prioritizing_TestCases" name="loginWithInvalidCredentials" time="4.973"/>
  <testcase classname="com.test.Day7_6thApril.TestNG_Prioritizing_TestCases" name="loginWithInvalidEmail" time="4.968"/>
  <testcase classname="com.test.Day7_6thApril.TestNG_Prioritizing_TestCases" name="loginWithNoCredentials" time="5.156"/>
  <testcase classname="com.test.Day7_6thApril.TestNG_Prioritizing_TestCases" name="loginWithInvalidPassword">
    <skipped/>
  </testcase> <!-- loginWithInvalidPassword -->
</testsuite> <!-- com.test.Day7_6thApril.TestNG_Prioritizing_TestCases -->
