<?xml version="1.0" encoding="UTF-8"?>
<!-- Generated by org.testng.reporters.JUnitReportReporter -->
<testsuite hostname="MacBook-Pro.ht.home" failures="0" tests="4" name="com.test.Day7_6thApril.TriCombo" time="0.016" errors="0" timestamp="06 Apr 2024 15:29:38 GMT" skipped="0">
  <testcase classname="com.test.Day7_6thApril.TriCombo" name="testCase2" time="0.002"/>
  <testcase classname="com.test.Day7_6thApril.TriCombo" name="testCase1" time="0.010"/>
  <testcase classname="com.test.Day7_6thApril.TriCombo" name="testCase3" time="0.001"/>
  <testcase classname="com.test.Day7_6thApril.TriCombo" name="testCase4" time="0.003"/>
</testsuite> <!-- com.test.Day7_6thApril.TriCombo -->
