<?xml version="1.0" encoding="UTF-8"?>
<!-- Generated by org.testng.reporters.JUnitReportReporter -->
<testsuite hostname="MacBook-Pro.ht.home" failures="0" tests="1" name="com.test.Day7_6thApril.Annotations_TestNG" time="0.009" errors="0" timestamp="06 Apr 2024 15:22:25 GMT" skipped="0">
  <testcase classname="com.test.Day7_6thApril.Annotations_TestNG" name="test1Learning" time="0.009"/>
</testsuite> <!-- com.test.Day7_6thApril.Annotations_TestNG -->
