<?xml version="1.0" encoding="UTF-8"?>
<!-- Generated by org.testng.reporters.JUnitReportReporter -->
<testsuite hostname="MacBook-Pro.ht.home" failures="0" tests="2" name="com.test.Day7_6thApril.Assignment1_Assert_Example" time="7.736" errors="0" timestamp="06 Apr 2024 18:12:37 GMT" skipped="1">
  <testcase classname="com.test.Day7_6thApril.Assignment1_Assert_Example" name="goingToLoginPage" time="7.736"/>
  <testcase classname="com.test.Day7_6thApril.Assignment1_Assert_Example" name="clickOnRegisterOption">
    <skipped/>
  </testcase> <!-- clickOnRegisterOption -->
</testsuite> <!-- com.test.Day7_6thApril.Assignment1_Assert_Example -->
