<?xml version="1.0" encoding="UTF-8"?>
<!-- Generated by org.testng.reporters.JUnitReportReporter -->
<testsuite hostname="MacBook-Pro.ht.home" failures="0" tests="2" name="com.test.Day7_6thApril.TriCombo_Application_In_Automation" time="14.289" errors="0" timestamp="06 Apr 2024 15:55:23 GMT" skipped="0">
  <testcase classname="com.test.Day7_6thApril.TriCombo_Application_In_Automation" name="clickOnLoginOption" time="7.470"/>
  <testcase classname="com.test.Day7_6thApril.TriCombo_Application_In_Automation" name="clickOnRegisterOption" time="6.819"/>
</testsuite> <!-- com.test.Day7_6thApril.TriCombo_Application_In_Automation -->
